FILE_TYPE=LIBRARY_PARTS;
PRIMITIVE '12061A102FAT2A';
  PIN
    'C1':
      PIN_NUMBER='(1)';
      NO_LOAD_CHECK=BOTH;
      NO_IO_CHECK=BOTH;
      ALLOW_CONNECT=TRUE;
      PINUSE='UNSPEC';
    'C2':
      PIN_NUMBER='(2)';
      NO_LOAD_CHECK=BOTH;
      NO_IO_CHECK=BOTH;
      ALLOW_CONNECT=TRUE;
      PINUSE='UNSPEC';
  END_PIN;
  BODY
    PART_NAME='12061A102FAT2A';
    PHYS_DES_PREFIX='C';
    NO_LOAD_CHECK='TRUE';
    PIN_COUNT='2';
    BODY_NAME='12061A102FAT2A';
    JEDEC_TYPE='CAPC3216X94N';
  END_BODY;
END_PRIMITIVE;
END.
